<?xml version="1.0" encoding="UTF-8"?>
<testsuite name="SILab2Test" tests="1" skipped="0" failures="0" errors="0" timestamp="2023-05-31T14:30:25" hostname="LAPTOP-806LR47N" time="0.018">
  <properties/>
  <testcase name="multipleConditionsTest()" classname="SILab2Test" time="0.018"/>
  <system-out><![CDATA[]]></system-out>
  <system-err><![CDATA[]]></system-err>
</testsuite>
